#
# There is insufficient memory for the Java Runtime Environment to continue.
# Native memory allocation (malloc) failed to allocate 886976 bytes for Chunk::new
# Possible reasons:
#   The system is out of physical RAM or swap space
#   In 32 bit mode, the process size limit was hit
# Possible solutions:
#   Reduce memory load on the system
#   Increase physical memory or swap space
#   Check if swap backing store is full
#   Use 64 bit Java on a 64 bit OS
#   Decrease Java heap size (-Xmx/-Xms)
#   Decrease number of Java threads
#   Decrease Java thread stack sizes (-Xss)
#   Set larger code cache with -XX:ReservedCodeCacheSize=
# This output file may be truncated or incomplete.
#
#  Out of Memory Error (allocation.cpp:390), pid=99976, tid=0x00000000000168d0
#
# JRE version: Java(TM) SE Runtime Environment (8.0_191-b12) (build 1.8.0_191-b12)
# Java VM: Java HotSpot(TM) 64-Bit Server VM (25.191-b12 mixed mode windows-amd64 compressed oops)
# Failed to write core dump. Minidumps are not enabled by default on client versions of Windows
#

---------------  T H R E A D  ---------------

Current thread (0x000000001ea53800):  JavaThread "C2 CompilerThread1" daemon [_thread_in_native, id=92368, stack(0x000000001f3a0000,0x000000001f4a0000)]

Stack: [0x000000001f3a0000,0x000000001f4a0000]
[error occurred during error reporting (printing stack bounds), id 0xc0000005]

Native frames: (J=compiled Java code, j=interpreted, Vv=VM code, C=native code)


Current CompileTask:
C2:   4529 2886       4       org.springframework.beans.factory.support.AbstractBeanFactory::isTypeMatch (607 bytes)


---------------  P R O C E S S  ---------------

Java Threads: ( => current thread )
  0x00000000246fb800 JavaThread "mysql-cj-abandoned-connection-cleanup" daemon [_thread_blocked, id=102380, stack(0x0000000021720000,0x0000000021820000)]
  0x000000001eaf7000 JavaThread "Service Thread" daemon [_thread_blocked, id=50828, stack(0x000000001f6a0000,0x000000001f7a0000)]
  0x000000001ea5d800 JavaThread "C1 CompilerThread3" daemon [_thread_blocked, id=12012, stack(0x000000001f5a0000,0x000000001f6a0000)]
  0x000000001ea59000 JavaThread "C2 CompilerThread2" daemon [_thread_in_native, id=38620, stack(0x000000001f4a0000,0x000000001f5a0000)]
=>0x000000001ea53800 JavaThread "C2 CompilerThread1" daemon [_thread_in_native, id=92368, stack(0x000000001f3a0000,0x000000001f4a0000)]
  0x000000001ea4f800 JavaThread "C2 CompilerThread0" daemon [_thread_in_native, id=6732, stack(0x000000001f2a0000,0x000000001f3a0000)]
  0x000000001ea4d800 JavaThread "Monitor Ctrl-Break" daemon [_thread_in_native, id=44608, stack(0x000000001f1a0000,0x000000001f2a0000)]
  0x000000001cbc9000 JavaThread "Attach Listener" daemon [_thread_blocked, id=101912, stack(0x000000001f0a0000,0x000000001f1a0000)]
  0x000000001e9e5000 JavaThread "Signal Dispatcher" daemon [_thread_blocked, id=97692, stack(0x000000001efa0000,0x000000001f0a0000)]
  0x000000001e9c1800 JavaThread "Finalizer" daemon [_thread_blocked, id=95812, stack(0x000000001eea0000,0x000000001efa0000)]
  0x000000001e9c0800 JavaThread "Reference Handler" daemon [_thread_blocked, id=11580, stack(0x000000001eda0000,0x000000001eea0000)]
  0x0000000002fb7000 JavaThread "main" [_thread_in_vm, id=98568, stack(0x0000000002e60000,0x0000000002f60000)]

Other Threads:
  0x000000001cbb9800 VMThread [stack: 0x000000001e8a0000,0x000000001e9a0000] [id=2512]
  0x000000001ea76000 WatcherThread [stack: 0x000000001f7a0000,0x000000001f8a0000] [id=32412]

VM state:at safepoint (normal execution)

VM Mutex/Monitor currently owned by a thread:  ([mutex/lock_event])
[0x0000000002faeab0] Threads_lock - owner thread: 0x000000001cbb9800
[0x0000000002fb66e0] Heap_lock - owner thread: 0x0000000002fb7000

Heap:
 PSYoungGen      total 140800K, used 22820K [0x000000076bd80000, 0x000000077c400000, 0x00000007c0000000)
  eden space 130048K, 9% used [0x000000076bd80000,0x000000076c94bd10,0x0000000773c80000)
  from space 10752K, 99% used [0x0000000773c80000,0x00000007746fd618,0x0000000774700000)
  to   space 13312K, 4% used [0x000000077b700000,0x000000077b7b0000,0x000000077c400000)
 ParOldGen       total 77824K, used 5637K [0x00000006c3800000, 0x00000006c8400000, 0x000000076bd80000)
  object space 77824K, 7% used [0x00000006c3800000,0x00000006c3d81658,0x00000006c8400000)
 Metaspace       used 28636K, capacity 30456K, committed 30588K, reserved 1079296K
  class space    used 3738K, capacity 4100K, committed 4220K, reserved 1048576K

Card table byte_map: [0x0000000012660000,0x0000000012e50000] byte_map_base: 0x000000000f044000

Marking Bits: (ParMarkBitMap*) 0x000000005b453e30
 Begin Bits: [0x0000000013ba0000, 0x0000000017ac0000)
 End Bits:   [0x0000000017ac0000, 0x000000001b9e0000)

Polling page: 0x0000000000ce0000

CodeCache: size=245760Kb used=10550Kb max_used=10563Kb free=235209Kb
 bounds [0x00000000032a0000, 0x0000000003d00000, 0x00000000122a0000]
 total_blobs=3347 nmethods=2935 adapters=324
 compilation: enabled

Compilation events (10 events):
Event: 4.514 Thread 0x000000001ea5d800 2938       3       sun.misc.FDBigInteger::trimLeadingZeros (57 bytes)
Event: 4.514 Thread 0x000000001ea5d800 nmethod 2938 0x0000000003cee290 code [0x0000000003cee400, 0x0000000003cee730]
Event: 4.514 Thread 0x000000001ea5d800 2937       3       sun.misc.FDBigInteger::<init> (30 bytes)
Event: 4.515 Thread 0x000000001ea5d800 nmethod 2937 0x0000000003cee850 code [0x0000000003cee9c0, 0x0000000003ceebe8]
Event: 4.515 Thread 0x000000001ea5d800 2939       3       sun.misc.FDBigInteger::size (10 bytes)
Event: 4.515 Thread 0x000000001ea5d800 nmethod 2939 0x0000000003ceecd0 code [0x0000000003ceee20, 0x0000000003ceef70]
Event: 4.517 Thread 0x000000001ea59000 nmethod 2928 0x0000000003cf2b90 code [0x0000000003cf2d60, 0x0000000003cf3cd0]
Event: 4.517 Thread 0x000000001ea59000 2930       4       java.util.Properties::loadConvert (505 bytes)
Event: 4.525 Thread 0x000000001ea59000 nmethod 2930 0x0000000003cf4910 code [0x0000000003cf4a80, 0x0000000003cf5338]
Event: 4.525 Thread 0x000000001ea59000 2931       4       java.util.Properties$LineReader::readLine (468 bytes)

GC Heap History (10 events):
Event: 2.580 GC heap before
{Heap before GC invocations=2 (full 0):
 PSYoungGen      total 75776K, used 73075K [0x000000076bd80000, 0x0000000771200000, 0x00000007c0000000)
  eden space 65024K, 100% used [0x000000076bd80000,0x000000076fd00000,0x000000076fd00000)
  from space 10752K, 74% used [0x000000076fd00000,0x00000007704dcf00,0x0000000770780000)
  to   space 10752K, 0% used [0x0000000770780000,0x0000000770780000,0x0000000771200000)
 ParOldGen       total 173568K, used 24K [0x00000006c3800000, 0x00000006ce180000, 0x000000076bd80000)
  object space 173568K, 0% used [0x00000006c3800000,0x00000006c3806000,0x00000006ce180000)
 Metaspace       used 19574K, capacity 20890K, committed 20992K, reserved 1067008K
  class space    used 2509K, capacity 2771K, committed 2816K, reserved 1048576K
Event: 2.588 GC heap after
Heap after GC invocations=2 (full 0):
 PSYoungGen      total 75776K, used 9886K [0x000000076bd80000, 0x0000000771200000, 0x00000007c0000000)
  eden space 65024K, 0% used [0x000000076bd80000,0x000000076bd80000,0x000000076fd00000)
  from space 10752K, 91% used [0x0000000770780000,0x0000000771127ac8,0x0000000771200000)
  to   space 10752K, 0% used [0x000000076fd00000,0x000000076fd00000,0x0000000770780000)
 ParOldGen       total 173568K, used 32K [0x00000006c3800000, 0x00000006ce180000, 0x000000076bd80000)
  object space 173568K, 0% used [0x00000006c3800000,0x00000006c3808000,0x00000006ce180000)
 Metaspace       used 19574K, capacity 20890K, committed 20992K, reserved 1067008K
  class space    used 2509K, capacity 2771K, committed 2816K, reserved 1048576K
}
Event: 2.644 GC heap before
{Heap before GC invocations=3 (full 0):
 PSYoungGen      total 75776K, used 16474K [0x000000076bd80000, 0x0000000771200000, 0x00000007c0000000)
  eden space 65024K, 10% used [0x000000076bd80000,0x000000076c3ef0c0,0x000000076fd00000)
  from space 10752K, 91% used [0x0000000770780000,0x0000000771127ac8,0x0000000771200000)
  to   space 10752K, 0% used [0x000000076fd00000,0x000000076fd00000,0x0000000770780000)
 ParOldGen       total 173568K, used 32K [0x00000006c3800000, 0x00000006ce180000, 0x000000076bd80000)
  object space 173568K, 0% used [0x00000006c3800000,0x00000006c3808000,0x00000006ce180000)
 Metaspace       used 19963K, capacity 21282K, committed 21552K, reserved 1069056K
  class space    used 2577K, capacity 2837K, committed 2864K, reserved 1048576K
Event: 2.651 GC heap after
Heap after GC invocations=3 (full 0):
 PSYoungGen      total 75776K, used 5169K [0x000000076bd80000, 0x0000000775180000, 0x00000007c0000000)
  eden space 65024K, 0% used [0x000000076bd80000,0x000000076bd80000,0x000000076fd00000)
  from space 10752K, 48% used [0x000000076fd00000,0x000000077020c630,0x0000000770780000)
  to   space 10752K, 0% used [0x0000000774700000,0x0000000774700000,0x0000000775180000)
 ParOldGen       total 173568K, used 40K [0x00000006c3800000, 0x00000006ce180000, 0x000000076bd80000)
  object space 173568K, 0% used [0x00000006c3800000,0x00000006c380a000,0x00000006ce180000)
 Metaspace       used 19963K, capacity 21282K, committed 21552K, reserved 1069056K
  class space    used 2577K, capacity 2837K, committed 2864K, reserved 1048576K
}
Event: 2.676 GC heap before
{Heap before GC invocations=4 (full 0):
 PSYoungGen      total 75776K, used 8286K [0x000000076bd80000, 0x0000000775180000, 0x00000007c0000000)
  eden space 65024K, 4% used [0x000000076bd80000,0x000000076c08b418,0x000000076fd00000)
  from space 10752K, 48% used [0x000000076fd00000,0x000000077020c630,0x0000000770780000)
  to   space 10752K, 0% used [0x0000000774700000,0x0000000774700000,0x0000000775180000)
 ParOldGen       total 173568K, used 40K [0x00000006c3800000, 0x00000006ce180000, 0x000000076bd80000)
  object space 173568K, 0% used [0x00000006c3800000,0x00000006c380a000,0x00000006ce180000)
 Metaspace       used 20195K, capacity 21490K, committed 21628K, reserved 1069056K
  class space    used 2612K, capacity 2879K, committed 2940K, reserved 1048576K
Event: 2.685 GC heap after
Heap after GC invocations=4 (full 0):
 PSYoungGen      total 140800K, used 5147K [0x000000076bd80000, 0x0000000775180000, 0x00000007c0000000)
  eden space 130048K, 0% used [0x000000076bd80000,0x000000076bd80000,0x0000000773c80000)
  from space 10752K, 47% used [0x0000000774700000,0x0000000774c06db8,0x0000000775180000)
  to   space 10752K, 0% used [0x0000000773c80000,0x0000000773c80000,0x0000000774700000)
 ParOldGen       total 173568K, used 40K [0x00000006c3800000, 0x00000006ce180000, 0x000000076bd80000)
  object space 173568K, 0% used [0x00000006c3800000,0x00000006c380a000,0x00000006ce180000)
 Metaspace       used 20195K, capacity 21490K, committed 21628K, reserved 1069056K
  class space    used 2612K, capacity 2879K, committed 2940K, reserved 1048576K
}
Event: 2.685 GC heap before
{Heap before GC invocations=5 (full 1):
 PSYoungGen      total 140800K, used 5147K [0x000000076bd80000, 0x0000000775180000, 0x00000007c0000000)
  eden space 130048K, 0% used [0x000000076bd80000,0x000000076bd80000,0x0000000773c80000)
  from space 10752K, 47% used [0x0000000774700000,0x0000000774c06db8,0x0000000775180000)
  to   space 10752K, 0% used [0x0000000773c80000,0x0000000773c80000,0x0000000774700000)
 ParOldGen       total 173568K, used 40K [0x00000006c3800000, 0x00000006ce180000, 0x000000076bd80000)
  object space 173568K, 0% used [0x00000006c3800000,0x00000006c380a000,0x00000006ce180000)
 Metaspace       used 20195K, capacity 21490K, committed 21628K, reserved 1069056K
  class space    used 2612K, capacity 2879K, committed 2940K, reserved 1048576K
Event: 2.715 GC heap after
Heap after GC invocations=5 (full 1):
 PSYoungGen      total 140800K, used 0K [0x000000076bd80000, 0x0000000775180000, 0x00000007c0000000)
  eden space 130048K, 0% used [0x000000076bd80000,0x000000076bd80000,0x0000000773c80000)
  from space 10752K, 0% used [0x0000000774700000,0x0000000774700000,0x0000000775180000)
  to   space 10752K, 0% used [0x0000000773c80000,0x0000000773c80000,0x0000000774700000)
 ParOldGen       total 77824K, used 5018K [0x00000006c3800000, 0x00000006c8400000, 0x000000076bd80000)
  object space 77824K, 6% used [0x00000006c3800000,0x00000006c3ce6a00,0x00000006c8400000)
 Metaspace       used 20195K, capacity 21490K, committed 21628K, reserved 1069056K
  class space    used 2612K, capacity 2879K, committed 2940K, reserved 1048576K
}
Event: 4.375 GC heap before
{Heap before GC invocations=6 (full 1):
 PSYoungGen      total 140800K, used 130048K [0x000000076bd80000, 0x0000000775180000, 0x00000007c0000000)
  eden space 130048K, 100% used [0x000000076bd80000,0x0000000773c80000,0x0000000773c80000)
  from space 10752K, 0% used [0x0000000774700000,0x0000000774700000,0x0000000775180000)
  to   space 10752K, 0% used [0x0000000773c80000,0x0000000773c80000,0x0000000774700000)
 ParOldGen       total 77824K, used 5018K [0x00000006c3800000, 0x00000006c8400000, 0x000000076bd80000)
  object space 77824K, 6% used [0x00000006c3800000,0x00000006c3ce6a00,0x00000006c8400000)
 Metaspace       used 27711K, capacity 29454K, committed 29692K, reserved 1075200K
  class space    used 3646K, capacity 3989K, committed 4092K, reserved 1048576K
Event: 4.384 GC heap after
Heap after GC invocations=6 (full 1):
 PSYoungGen      total 140800K, used 10741K [0x000000076bd80000, 0x000000077c400000, 0x00000007c0000000)
  eden space 130048K, 0% used [0x000000076bd80000,0x000000076bd80000,0x0000000773c80000)
  from space 10752K, 99% used [0x0000000773c80000,0x00000007746fd618,0x0000000774700000)
  to   space 13312K, 0% used [0x000000077b700000,0x000000077b700000,0x000000077c400000)
 ParOldGen       total 77824K, used 5637K [0x00000006c3800000, 0x00000006c8400000, 0x000000076bd80000)
  object space 77824K, 7% used [0x00000006c3800000,0x00000006c3d81658,0x00000006c8400000)
 Metaspace       used 27711K, capacity 29454K, committed 29692K, reserved 1075200K
  class space    used 3646K, capacity 3989K, committed 4092K, reserved 1048576K
}

Deoptimization events (10 events):
Event: 4.384 Thread 0x00000000246fb800 Uncommon trap: reason=unstable_if action=reinterpret pc=0x0000000003523418 method=java.util.zip.ZipCoder.getBytes(Ljava/lang/String;)[B @ 32
Event: 4.385 Thread 0x00000000246fb800 Uncommon trap: reason=unstable_if action=reinterpret pc=0x0000000003912e64 method=java.net.URL.<init>(Ljava/net/URL;Ljava/lang/String;Ljava/net/URLStreamHandler;)V @ 57
Event: 4.385 Thread 0x00000000246fb800 Uncommon trap: reason=unstable_if action=reinterpret pc=0x00000000037cb560 method=java.net.URLStreamHandler.parseURL(Ljava/net/URL;Ljava/lang/String;II)V @ 57
Event: 4.385 Thread 0x00000000246fb800 Uncommon trap: reason=unstable_if action=reinterpret pc=0x00000000038ff754 method=java.io.WinNTFileSystem.resolve(Ljava/lang/String;Ljava/lang/String;)Ljava/lang/String; @ 19
Event: 4.417 Thread 0x0000000002fb7000 Uncommon trap: reason=unstable_if action=reinterpret pc=0x0000000003c4e684 method=org.springframework.beans.factory.support.DefaultSingletonBeanRegistry.getSingleton(Ljava/lang/String;Z)Ljava/lang/Object; @ 47
Event: 4.422 Thread 0x0000000002fb7000 Uncommon trap: reason=unstable_if action=reinterpret pc=0x0000000003b79d28 method=java.util.concurrent.ConcurrentHashMap.get(Ljava/lang/Object;)Ljava/lang/Object; @ 152
Event: 4.422 Thread 0x0000000002fb7000 Uncommon trap: reason=unstable_if action=reinterpret pc=0x0000000003cbae60 method=java.lang.Class.arrayContentsEq([Ljava/lang/Object;[Ljava/lang/Object;)Z @ 57
Event: 4.496 Thread 0x0000000002fb7000 Uncommon trap: reason=unstable_if action=reinterpret pc=0x0000000003893a70 method=java.util.Properties.loadConvert([CII[C)Ljava/lang/String; @ 57
Event: 4.497 Thread 0x0000000002fb7000 Uncommon trap: reason=unstable_if action=reinterpret pc=0x00000000038a1228 method=java.util.Properties$LineReader.readLine()I @ 328
Event: 4.499 Thread 0x0000000002fb7000 Uncommon trap: reason=unstable_if action=reinterpret pc=0x00000000038b2604 method=java.util.Properties.load0(Ljava/util/Properties$LineReader;)V @ 161

Classes redefined (0 events):
No events

Internal exceptions (10 events):
Event: 4.415 Thread 0x0000000002fb7000 Exception <a 'java/lang/ClassNotFoundException': org/springframework/context/ApplicationListenerCustomizer> (0x000000076c279978) thrown at [C:\re\workspace\8-2-build-windows-amd64-cygwin\jdk8u191\11896\hotspot\src\share\vm\classfile\systemDictionary.cpp, 
Event: 4.416 Thread 0x0000000002fb7000 Exception <a 'java/lang/ClassNotFoundException': java/util/EventListenerCustomizer> (0x000000076c2850b0) thrown at [C:\re\workspace\8-2-build-windows-amd64-cygwin\jdk8u191\11896\hotspot\src\share\vm\classfile\systemDictionary.cpp, line 210]
Event: 4.416 Thread 0x0000000002fb7000 Exception <a 'java/lang/ClassNotFoundException': org/springframework/beans/factory/InitializingBeanCustomizer> (0x000000076c2a1460) thrown at [C:\re\workspace\8-2-build-windows-amd64-cygwin\jdk8u191\11896\hotspot\src\share\vm\classfile\systemDictionary.cp
Event: 4.433 Thread 0x0000000002fb7000 Exception <a 'java/lang/ClassNotFoundException': java/lang/ObjectCustomizer> (0x000000076c38c280) thrown at [C:\re\workspace\8-2-build-windows-amd64-cygwin\jdk8u191\11896\hotspot\src\share\vm\classfile\systemDictionary.cpp, line 210]
Event: 4.433 Thread 0x0000000002fb7000 Exception <a 'java/lang/ClassNotFoundException': com/lzh/comment/handler/MyMetaObjectHandlerCustomizer> (0x000000076c3aa038) thrown at [C:\re\workspace\8-2-build-windows-amd64-cygwin\jdk8u191\11896\hotspot\src\share\vm\classfile\systemDictionary.cpp, line
Event: 4.434 Thread 0x0000000002fb7000 Exception <a 'java/lang/ClassNotFoundException': com/baomidou/mybatisplus/core/handlers/MetaObjectHandlerCustomizer> (0x000000076c3ca410) thrown at [C:\re\workspace\8-2-build-windows-amd64-cygwin\jdk8u191\11896\hotspot\src\share\vm\classfile\systemDiction
Event: 4.440 Thread 0x0000000002fb7000 Exception <a 'java/lang/ClassNotFoundException': java/lang/ObjectCustomizer> (0x000000076c41d250) thrown at [C:\re\workspace\8-2-build-windows-amd64-cygwin\jdk8u191\11896\hotspot\src\share\vm\classfile\systemDictionary.cpp, line 210]
Event: 4.441 Thread 0x0000000002fb7000 Exception <a 'java/lang/ClassNotFoundException': com/baomidou/mybatisplus/core/injector/AbstractSqlInjectorCustomizer> (0x000000076c43f5e8) thrown at [C:\re\workspace\8-2-build-windows-amd64-cygwin\jdk8u191\11896\hotspot\src\share\vm\classfile\systemDicti
Event: 4.443 Thread 0x0000000002fb7000 Exception <a 'java/lang/ClassNotFoundException': com/baomidou/mybatisplus/extension/injector/LogicSqlInjectorCustomizer> (0x000000076c4648c8) thrown at [C:\re\workspace\8-2-build-windows-amd64-cygwin\jdk8u191\11896\hotspot\src\share\vm\classfile\systemDic
Event: 4.445 Thread 0x0000000002fb7000 Exception <a 'java/lang/ClassNotFoundException': com/baomidou/mybatisplus/core/injector/ISqlInjectorCustomizer> (0x000000076c488ac8) thrown at [C:\re\workspace\8-2-build-windows-amd64-cygwin\jdk8u191\11896\hotspot\src\share\vm\classfile\systemDictionary.c

Events (10 events):
Event: 4.523 loading class com/mysql/cj/conf/PropertySet
Event: 4.523 loading class com/mysql/cj/conf/PropertySet done
Event: 4.524 loading class com/mysql/cj/jdbc/JdbcPropertySet
Event: 4.524 loading class com/mysql/cj/jdbc/JdbcPropertySet done
Event: 4.524 loading class com/mysql/cj/exceptions/ExceptionInterceptor
Event: 4.524 loading class com/mysql/cj/exceptions/ExceptionInterceptor done
Event: 4.525 loading class java/sql/PreparedStatement
Event: 4.525 loading class java/sql/PreparedStatement done
Event: 4.525 loading class com/mysql/cj/jdbc/ClientPreparedStatement
Event: 4.525 loading class com/mysql/cj/jdbc/ClientPreparedStatement done


Dynamic libraries:
0x00007ff6e8360000 - 0x00007ff6e8397000 	D:\Program Files\Java\jdk1.8.0_191\bin\java.exe
0x00007ffdb3520000 - 0x00007ffdb3710000 	C:\Windows\SYSTEM32\ntdll.dll
0x00007ffdb19e0000 - 0x00007ffdb1a92000 	C:\Windows\System32\KERNEL32.DLL
0x00007ffdb0670000 - 0x00007ffdb0914000 	C:\Windows\System32\KERNELBASE.dll
0x00007ffdb1de0000 - 0x00007ffdb1e83000 	C:\Windows\System32\ADVAPI32.dll
0x00007ffdb3390000 - 0x00007ffdb342e000 	C:\Windows\System32\msvcrt.dll
0x00007ffdb1e90000 - 0x00007ffdb1f27000 	C:\Windows\System32\sechost.dll
0x00007ffdb15d0000 - 0x00007ffdb16f0000 	C:\Windows\System32\RPCRT4.dll
0x00007ffdb16f0000 - 0x00007ffdb1885000 	C:\Windows\System32\USER32.dll
0x00007ffdb13b0000 - 0x00007ffdb13d1000 	C:\Windows\System32\win32u.dll
0x00007ffdb1950000 - 0x00007ffdb1976000 	C:\Windows\System32\GDI32.dll
0x00007ffdb13e0000 - 0x00007ffdb1576000 	C:\Windows\System32\gdi32full.dll
0x00007ffdb05d0000 - 0x00007ffdb066e000 	C:\Windows\System32\msvcp_win.dll
0x00007ffdb12b0000 - 0x00007ffdb13aa000 	C:\Windows\System32\ucrtbase.dll
0x00007ffd91f80000 - 0x00007ffd92204000 	C:\Windows\WinSxS\amd64_microsoft.windows.common-controls_6595b64144ccf1df_6.0.18362.1016_none_9e7a36bbe461dae4\COMCTL32.dll
0x00007ffdb1fd0000 - 0x00007ffdb2305000 	C:\Windows\System32\combase.dll
0x00007ffdb0a70000 - 0x00007ffdb0af0000 	C:\Windows\System32\bcryptPrimitives.dll
0x00007ffdb2380000 - 0x00007ffdb23ae000 	C:\Windows\System32\IMM32.DLL
0x000000005a780000 - 0x000000005a852000 	D:\Program Files\Java\jdk1.8.0_191\jre\bin\msvcr100.dll
0x000000005ac30000 - 0x000000005b4d4000 	D:\Program Files\Java\jdk1.8.0_191\jre\bin\server\jvm.dll
0x00007ffdb2a10000 - 0x00007ffdb2a18000 	C:\Windows\System32\PSAPI.DLL
0x00007ffda0320000 - 0x00007ffda0344000 	C:\Windows\SYSTEM32\WINMM.dll
0x00007ffdaffc0000 - 0x00007ffdaffca000 	C:\Windows\SYSTEM32\VERSION.dll
0x00007ffdaec20000 - 0x00007ffdaec29000 	C:\Windows\SYSTEM32\WSOCK32.dll
0x00007ffdb2310000 - 0x00007ffdb237f000 	C:\Windows\System32\WS2_32.dll
0x00007ffda02f0000 - 0x00007ffda031d000 	C:\Windows\SYSTEM32\WINMMBASE.dll
0x00007ffdb1580000 - 0x00007ffdb15ca000 	C:\Windows\System32\cfgmgr32.dll
0x000000005b550000 - 0x000000005b55f000 	D:\Program Files\Java\jdk1.8.0_191\jre\bin\verify.dll
0x000000005b520000 - 0x000000005b549000 	D:\Program Files\Java\jdk1.8.0_191\jre\bin\java.dll
0x000000005ac00000 - 0x000000005ac23000 	D:\Program Files\Java\jdk1.8.0_191\jre\bin\instrument.dll
0x000000005abe0000 - 0x000000005abf6000 	D:\Program Files\Java\jdk1.8.0_191\jre\bin\zip.dll
0x00007ffdb2ca0000 - 0x00007ffdb3387000 	C:\Windows\System32\SHELL32.dll
0x00007ffdb1d20000 - 0x00007ffdb1dc9000 	C:\Windows\System32\shcore.dll
0x00007ffdb0b20000 - 0x00007ffdb12a2000 	C:\Windows\System32\windows.storage.dll
0x00007ffdb0470000 - 0x00007ffdb0493000 	C:\Windows\System32\profapi.dll
0x00007ffdb0400000 - 0x00007ffdb044a000 	C:\Windows\System32\powrprof.dll
0x00007ffdb03d0000 - 0x00007ffdb03e0000 	C:\Windows\System32\UMPDC.dll
0x00007ffdb1890000 - 0x00007ffdb18e2000 	C:\Windows\System32\shlwapi.dll
0x00007ffdb0450000 - 0x00007ffdb0461000 	C:\Windows\System32\kernel.appcore.dll
0x00007ffdb05b0000 - 0x00007ffdb05c7000 	C:\Windows\System32\cryptsp.dll
0x00007ffdad900000 - 0x00007ffdad91a000 	D:\Program Files\JetBrains\IntelliJ IDEA 2019.2.4\bin\breakgen64.dll
0x000000005ab90000 - 0x000000005abaa000 	D:\Program Files\Java\jdk1.8.0_191\jre\bin\net.dll
0x00007ffdafbc0000 - 0x00007ffdafc27000 	C:\Windows\system32\mswsock.dll
0x000000005ab70000 - 0x000000005ab81000 	D:\Program Files\Java\jdk1.8.0_191\jre\bin\nio.dll
0x000000005b510000 - 0x000000005b51d000 	D:\Program Files\Java\jdk1.8.0_191\jre\bin\management.dll
0x00007ffda6150000 - 0x00007ffda6166000 	C:\Windows\system32\napinsp.dll
0x00007ffda21d0000 - 0x00007ffda21ea000 	C:\Windows\system32\pnrpnsp.dll
0x00007ffdaf910000 - 0x00007ffdaf9db000 	C:\Windows\SYSTEM32\DNSAPI.dll
0x00007ffdb2a00000 - 0x00007ffdb2a08000 	C:\Windows\System32\NSI.dll
0x00007ffdaf8d0000 - 0x00007ffdaf90a000 	C:\Windows\SYSTEM32\IPHLPAPI.DLL
0x00007ffda6f10000 - 0x00007ffda6f1e000 	C:\Windows\System32\winrnr.dll
0x00007ffda86f0000 - 0x00007ffda870c000 	C:\Windows\system32\NLAapi.dll
0x00007ffda8870000 - 0x00007ffda8885000 	C:\Windows\system32\wshbth.dll
0x00007ffda5750000 - 0x00007ffda575a000 	C:\Windows\System32\rasadhlp.dll
0x00007ffda4e30000 - 0x00007ffda4ea7000 	C:\Windows\System32\fwpuclnt.dll
0x00007ffdb0af0000 - 0x00007ffdb0b16000 	C:\Windows\System32\bcrypt.dll

VM Arguments:
jvm_args: -ea -Didea.test.cyclic.buffer.size=1048576 -javaagent:D:\Program Files\JetBrains\IntelliJ IDEA 2019.2.4\lib\idea_rt.jar=59425:D:\Program Files\JetBrains\IntelliJ IDEA 2019.2.4\bin -Dfile.encoding=UTF-8 
java_command: com.intellij.rt.execution.junit.JUnitStarter -ideVersion5 -junit5 com.lzh.comment.CommentApplicationTests,testComment
java_class_path (initial): D:\Program Files\JetBrains\IntelliJ IDEA 2019.2.4\lib\idea_rt.jar;D:\Program Files\JetBrains\IntelliJ IDEA 2019.2.4\plugins\junit\lib\junit-rt.jar;D:\Program Files\JetBrains\IntelliJ IDEA 2019.2.4\plugins\junit\lib\junit5-rt.jar;C:\Users\24247\.m2\repository\org\junit\platform\junit-platform-launcher\1.6.2\junit-platform-launcher-1.6.2.jar;C:\Users\24247\.m2\repository\org\apiguardian\apiguardian-api\1.1.0\apiguardian-api-1.1.0.jar;C:\Users\24247\.m2\repository\org\junit\platform\junit-platform-engine\1.6.2\junit-platform-engine-1.6.2.jar;C:\Users\24247\.m2\repository\org\opentest4j\opentest4j\1.2.0\opentest4j-1.2.0.jar;C:\Users\24247\.m2\repository\org\junit\platform\junit-platform-commons\1.6.2\junit-platform-commons-1.6.2.jar;D:\Program Files\Java\jdk1.8.0_191\jre\lib\charsets.jar;D:\Program Files\Java\jdk1.8.0_191\jre\lib\deploy.jar;D:\Program Files\Java\jdk1.8.0_191\jre\lib\ext\access-bridge-64.jar;D:\Program Files\Java\jdk1.8.0_191\jre\lib\ext\cldrdata.jar;D:\Program Files\Java\jdk1.8.0_191\jre\lib\ext\dnsns.jar;D:\Program Files\Java\jdk1.8.0_191\jre\lib\ext\jaccess.jar;D:\Program Files\Java\jdk1.8.0_191\jre\lib\ext\jfxrt.jar;D:\Program Files\Java\jdk1.8.0_191\jre\lib\ext\localedata.jar;D:\Program Files\Java\jdk1.8.0_191\jre\lib\ext\nashorn.jar;D:\Program Files\Java\jdk1.8.0_191\jre\lib\ext\sunec.jar;D:\Program Files\Java\jdk1.8.0_191\jre\lib\ext\sunjce_provider.jar;D:\Program Files\Java\jdk1.8.0_191\jre\lib\ext\sunmscapi.jar;D:\Program Files\Java\jdk1.8.0_191\jre\lib\ext\sunpkcs11.jar;D:\Program Files\Java\jdk1.8.0_191\jre\lib\ext\zipfs.jar;D:\Program Files\Java\jdk1.8.0_191\jre\lib\javaws.jar;D:\Program Files\Java\jdk1.8.0_191\jre\lib\jce.jar;D:\Program Files\Java\jdk1.8.0_191\jre\lib\jfr.jar;D:\Program Files\Java\jdk1.8.0_191\jre\lib\jfxswt.jar;D:\Program Files\Java\jdk1.8.0_191\jre\lib\jsse.jar;D:\Program Files\Java\jdk1.8.0_191\jre\lib\management-agent.jar;D:\Program Files\Java\jdk1.8.0_191\jre\lib\plugin.jar;D:\Program Files\
Launcher Type: SUN_STANDARD

Environment Variables:
JAVA_HOME=D:\Program Files\Java\jdk1.8.0_191
CLASSPATH=.;D:\Program Files\Java\jdk1.8.0_191\bin;D:\Program Files\Java\jdk1.8.0_191\lib\dt.jar;D:\Program Files\Java\jdk1.8.0_191\lib\tools.jar
PATH=C:\Program Files (x86)\Common Files\Oracle\Java\javapath;C:\Windows\system32;C:\Windows;C:\Windows\System32\Wbem;C:\Windows\System32\WindowsPowerShell\v1.0\;C:\Windows\System32\OpenSSH\;C:\Program Files (x86)\NVIDIA Corporation\PhysX\Common;C:\Program Files\NVIDIA Corporation\NVIDIA NvDLISR;"D:\Program Files\Java\jdk1.8.0_191\bin;D:\Program Files\Java\jdk1.8.0_191\jre\bin;";D:\Program Files\MySQL\MySQL Server 5.7\bin;D:\Program Files\nodejs\;D:\Program Files (x86)\Yarn\bin\;D:\Program Files\Apache Software Foundation\Tomcat 8.5\bin;D:\SoftWare\Dev\maven\apache-maven-3.5.4\bin;D:\SoftWare\Dev\redis\redis64-3.0.501;D:\Program Files (x86)\GitExtensions\;D:\Program Files\Git\cmd;C:\Users\24247\AppData\Local\Microsoft\WindowsApps;D:\Program Files\nodejs\node_global;C:\Users\24247\AppData\Local\Yarn\bin;D:\Program Files\JetBrains\IntelliJ IDEA 2019.2.4\bin;
USERNAME=24247
OS=Windows_NT
PROCESSOR_IDENTIFIER=Intel64 Family 6 Model 126 Stepping 5, GenuineIntel



---------------  S Y S T E M  ---------------

OS: Windows 10.0 , 64 bit Build 18362 (10.0.18362.959)

CPU:total 8 (initial active 8) (4 cores per cpu, 2 threads per core) family 6 model 126 stepping 5, cmov, cx8, fxsr, mmx, sse, sse2, sse3, ssse3, sse4.1, sse4.2, popcnt, avx, avx2, aes, clmul, erms, 3dnowpref, lzcnt, ht, tsc, tscinvbit, bmi1, bmi2, adx

Memory: 4k page, physical 16540600k(4540684k free), swap 29647796k(5428k free)

vm_info: Java HotSpot(TM) 64-Bit Server VM (25.191-b12) for windows-amd64 JRE (1.8.0_191-b12), built on Oct  6 2018 09:29:03 by "java_re" with MS VC++ 10.0 (VS2010)

time: Thu Sep 03 00:57:49 2020
elapsed time: 4 seconds (0d 0h 0m 4s)

